2025/02/19 16:31:40 [error] [exception.CHttpException.404] CHttpException: The system is unable to find the requested action "post". in C:\xampp\htdocs\yiiblog\framework\web\CController.php:486
Stack trace:
#0 C:\xampp\htdocs\yiiblog\framework\web\CController.php(270): CController->missingAction('post')
#1 C:\xampp\htdocs\yiiblog\framework\web\CWebApplication.php(282): CController->run('post')
#2 C:\xampp\htdocs\yiiblog\framework\web\CWebApplication.php(141): CWebApplication->runController('site/post')
#3 C:\xampp\htdocs\yiiblog\framework\base\CApplication.php(185): CWebApplication->processRequest()
#4 C:\xampp\htdocs\yiiblog\index.php(13): CApplication->run()
#5 {main}
REQUEST_URI=/yiiblog/index.php/site/post
---
2025/02/19 16:33:10 [error] [exception.CHttpException.403] CHttpException: You are not authorized to perform this action. in C:\xampp\htdocs\yiiblog\framework\web\auth\CAccessControlFilter.php:183
Stack trace:
#0 C:\xampp\htdocs\yiiblog\framework\web\auth\CAccessControlFilter.php(145): CAccessControlFilter->accessDenied(Object(CWebUser), 'You are not aut...')
#1 C:\xampp\htdocs\yiiblog\framework\web\filters\CFilter.php(38): CAccessControlFilter->preFilter(Object(CFilterChain))
#2 C:\xampp\htdocs\yiiblog\framework\web\CController.php(1148): CFilter->filter(Object(CFilterChain))
#3 C:\xampp\htdocs\yiiblog\framework\web\filters\CInlineFilter.php(58): CController->filterAccessControl(Object(CFilterChain))
#4 C:\xampp\htdocs\yiiblog\framework\web\filters\CFilterChain.php(131): CInlineFilter->filter(Object(CFilterChain))
#5 C:\xampp\htdocs\yiiblog\framework\web\CController.php(291): CFilterChain->run()
#6 C:\xampp\htdocs\yiiblog\framework\web\CController.php(265): CController->runActionWithFilters(Object(CInlineAction), Array)
#7 C:\xampp\htdocs\yiiblog\framework\web\CWebApplication.php(282): CController->run('admin')
#8 C:\xampp\htdocs\yiiblog\framework\web\CWebApplication.php(141): CWebApplication->runController('post/admin')
#9 C:\xampp\htdocs\yiiblog\framework\base\CApplication.php(185): CWebApplication->processRequest()
#10 C:\xampp\htdocs\yiiblog\index.php(13): CApplication->run()
#11 {main}
REQUEST_URI=/yiiblog/index.php/post/admin
HTTP_REFERER=http://localhost/yiiblog/index.php/post/index
---
2025/02/19 16:33:20 [error] [exception.CHttpException.403] CHttpException: You are not authorized to perform this action. in C:\xampp\htdocs\yiiblog\framework\web\auth\CAccessControlFilter.php:183
Stack trace:
#0 C:\xampp\htdocs\yiiblog\framework\web\auth\CAccessControlFilter.php(145): CAccessControlFilter->accessDenied(Object(CWebUser), 'You are not aut...')
#1 C:\xampp\htdocs\yiiblog\framework\web\filters\CFilter.php(38): CAccessControlFilter->preFilter(Object(CFilterChain))
#2 C:\xampp\htdocs\yiiblog\framework\web\CController.php(1148): CFilter->filter(Object(CFilterChain))
#3 C:\xampp\htdocs\yiiblog\framework\web\filters\CInlineFilter.php(58): CController->filterAccessControl(Object(CFilterChain))
#4 C:\xampp\htdocs\yiiblog\framework\web\filters\CFilterChain.php(131): CInlineFilter->filter(Object(CFilterChain))
#5 C:\xampp\htdocs\yiiblog\framework\web\CController.php(291): CFilterChain->run()
#6 C:\xampp\htdocs\yiiblog\framework\web\CController.php(265): CController->runActionWithFilters(Object(CInlineAction), Array)
#7 C:\xampp\htdocs\yiiblog\framework\web\CWebApplication.php(282): CController->run('admin')
#8 C:\xampp\htdocs\yiiblog\framework\web\CWebApplication.php(141): CWebApplication->runController('post/admin')
#9 C:\xampp\htdocs\yiiblog\framework\base\CApplication.php(185): CWebApplication->processRequest()
#10 C:\xampp\htdocs\yiiblog\index.php(13): CApplication->run()
#11 {main}
REQUEST_URI=/yiiblog/index.php/post/admin
HTTP_REFERER=http://localhost/yiiblog/index.php/post/create
---
2025/02/19 16:36:48 [error] [exception.CHttpException.403] CHttpException: You are not authorized to perform this action. in C:\xampp\htdocs\yiiblog\framework\web\auth\CAccessControlFilter.php:183
Stack trace:
#0 C:\xampp\htdocs\yiiblog\framework\web\auth\CAccessControlFilter.php(145): CAccessControlFilter->accessDenied(Object(CWebUser), 'You are not aut...')
#1 C:\xampp\htdocs\yiiblog\framework\web\filters\CFilter.php(38): CAccessControlFilter->preFilter(Object(CFilterChain))
#2 C:\xampp\htdocs\yiiblog\framework\web\CController.php(1148): CFilter->filter(Object(CFilterChain))
#3 C:\xampp\htdocs\yiiblog\framework\web\filters\CInlineFilter.php(58): CController->filterAccessControl(Object(CFilterChain))
#4 C:\xampp\htdocs\yiiblog\framework\web\filters\CFilterChain.php(131): CInlineFilter->filter(Object(CFilterChain))
#5 C:\xampp\htdocs\yiiblog\framework\web\CController.php(291): CFilterChain->run()
#6 C:\xampp\htdocs\yiiblog\framework\web\CController.php(265): CController->runActionWithFilters(Object(CInlineAction), Array)
#7 C:\xampp\htdocs\yiiblog\framework\web\CWebApplication.php(282): CController->run('admin')
#8 C:\xampp\htdocs\yiiblog\framework\web\CWebApplication.php(141): CWebApplication->runController('post/admin')
#9 C:\xampp\htdocs\yiiblog\framework\base\CApplication.php(185): CWebApplication->processRequest()
#10 C:\xampp\htdocs\yiiblog\index.php(13): CApplication->run()
#11 {main}
REQUEST_URI=/yiiblog/index.php/post/admin
HTTP_REFERER=http://localhost/yiiblog/index.php/post
---
2025/02/19 16:36:54 [error] [exception.CHttpException.403] CHttpException: You are not authorized to perform this action. in C:\xampp\htdocs\yiiblog\framework\web\auth\CAccessControlFilter.php:183
Stack trace:
#0 C:\xampp\htdocs\yiiblog\framework\web\auth\CAccessControlFilter.php(145): CAccessControlFilter->accessDenied(Object(CWebUser), 'You are not aut...')
#1 C:\xampp\htdocs\yiiblog\framework\web\filters\CFilter.php(38): CAccessControlFilter->preFilter(Object(CFilterChain))
#2 C:\xampp\htdocs\yiiblog\framework\web\CController.php(1148): CFilter->filter(Object(CFilterChain))
#3 C:\xampp\htdocs\yiiblog\framework\web\filters\CInlineFilter.php(58): CController->filterAccessControl(Object(CFilterChain))
#4 C:\xampp\htdocs\yiiblog\framework\web\filters\CFilterChain.php(131): CInlineFilter->filter(Object(CFilterChain))
#5 C:\xampp\htdocs\yiiblog\framework\web\CController.php(291): CFilterChain->run()
#6 C:\xampp\htdocs\yiiblog\framework\web\CController.php(265): CController->runActionWithFilters(Object(CInlineAction), Array)
#7 C:\xampp\htdocs\yiiblog\framework\web\CWebApplication.php(282): CController->run('admin')
#8 C:\xampp\htdocs\yiiblog\framework\web\CWebApplication.php(141): CWebApplication->runController('post/admin')
#9 C:\xampp\htdocs\yiiblog\framework\base\CApplication.php(185): CWebApplication->processRequest()
#10 C:\xampp\htdocs\yiiblog\index.php(13): CApplication->run()
#11 {main}
REQUEST_URI=/yiiblog/index.php/post/admin
HTTP_REFERER=http://localhost/yiiblog/index.php/post
---
2025/02/19 16:43:50 [error] [exception.CHttpException.403] CHttpException: You are not authorized to perform this action. in C:\xampp\htdocs\yiiblog\framework\web\auth\CAccessControlFilter.php:183
Stack trace:
#0 C:\xampp\htdocs\yiiblog\framework\web\auth\CAccessControlFilter.php(145): CAccessControlFilter->accessDenied(Object(CWebUser), 'You are not aut...')
#1 C:\xampp\htdocs\yiiblog\framework\web\filters\CFilter.php(38): CAccessControlFilter->preFilter(Object(CFilterChain))
#2 C:\xampp\htdocs\yiiblog\framework\web\CController.php(1148): CFilter->filter(Object(CFilterChain))
#3 C:\xampp\htdocs\yiiblog\framework\web\filters\CInlineFilter.php(58): CController->filterAccessControl(Object(CFilterChain))
#4 C:\xampp\htdocs\yiiblog\framework\web\filters\CFilterChain.php(131): CInlineFilter->filter(Object(CFilterChain))
#5 C:\xampp\htdocs\yiiblog\framework\web\CController.php(291): CFilterChain->run()
#6 C:\xampp\htdocs\yiiblog\framework\web\CController.php(265): CController->runActionWithFilters(Object(CInlineAction), Array)
#7 C:\xampp\htdocs\yiiblog\framework\web\CWebApplication.php(282): CController->run('admin')
#8 C:\xampp\htdocs\yiiblog\framework\web\CWebApplication.php(141): CWebApplication->runController('comment/admin')
#9 C:\xampp\htdocs\yiiblog\framework\base\CApplication.php(185): CWebApplication->processRequest()
#10 C:\xampp\htdocs\yiiblog\index.php(13): CApplication->run()
#11 {main}
REQUEST_URI=/yiiblog/index.php/comment/admin
HTTP_REFERER=http://localhost/yiiblog/index.php/comment/create
---
2025/02/19 16:44:49 [error] [exception.CHttpException.403] CHttpException: You are not authorized to perform this action. in C:\xampp\htdocs\yiiblog\framework\web\auth\CAccessControlFilter.php:183
Stack trace:
#0 C:\xampp\htdocs\yiiblog\framework\web\auth\CAccessControlFilter.php(145): CAccessControlFilter->accessDenied(Object(CWebUser), 'You are not aut...')
#1 C:\xampp\htdocs\yiiblog\framework\web\filters\CFilter.php(38): CAccessControlFilter->preFilter(Object(CFilterChain))
#2 C:\xampp\htdocs\yiiblog\framework\web\CController.php(1148): CFilter->filter(Object(CFilterChain))
#3 C:\xampp\htdocs\yiiblog\framework\web\filters\CInlineFilter.php(58): CController->filterAccessControl(Object(CFilterChain))
#4 C:\xampp\htdocs\yiiblog\framework\web\filters\CFilterChain.php(131): CInlineFilter->filter(Object(CFilterChain))
#5 C:\xampp\htdocs\yiiblog\framework\web\CController.php(291): CFilterChain->run()
#6 C:\xampp\htdocs\yiiblog\framework\web\CController.php(265): CController->runActionWithFilters(Object(CInlineAction), Array)
#7 C:\xampp\htdocs\yiiblog\framework\web\CWebApplication.php(282): CController->run('admin')
#8 C:\xampp\htdocs\yiiblog\framework\web\CWebApplication.php(141): CWebApplication->runController('post/admin')
#9 C:\xampp\htdocs\yiiblog\framework\base\CApplication.php(185): CWebApplication->processRequest()
#10 C:\xampp\htdocs\yiiblog\index.php(13): CApplication->run()
#11 {main}
REQUEST_URI=/yiiblog/index.php/post/admin
HTTP_REFERER=http://localhost/yiiblog/index.php/post/create
---
2025/02/19 16:45:14 [error] [exception.CHttpException.403] CHttpException: You are not authorized to perform this action. in C:\xampp\htdocs\yiiblog\framework\web\auth\CAccessControlFilter.php:183
Stack trace:
#0 C:\xampp\htdocs\yiiblog\framework\web\auth\CAccessControlFilter.php(145): CAccessControlFilter->accessDenied(Object(CWebUser), 'You are not aut...')
#1 C:\xampp\htdocs\yiiblog\framework\web\filters\CFilter.php(38): CAccessControlFilter->preFilter(Object(CFilterChain))
#2 C:\xampp\htdocs\yiiblog\framework\web\CController.php(1148): CFilter->filter(Object(CFilterChain))
#3 C:\xampp\htdocs\yiiblog\framework\web\filters\CInlineFilter.php(58): CController->filterAccessControl(Object(CFilterChain))
#4 C:\xampp\htdocs\yiiblog\framework\web\filters\CFilterChain.php(131): CInlineFilter->filter(Object(CFilterChain))
#5 C:\xampp\htdocs\yiiblog\framework\web\CController.php(291): CFilterChain->run()
#6 C:\xampp\htdocs\yiiblog\framework\web\CController.php(265): CController->runActionWithFilters(Object(CInlineAction), Array)
#7 C:\xampp\htdocs\yiiblog\framework\web\CWebApplication.php(282): CController->run('admin')
#8 C:\xampp\htdocs\yiiblog\framework\web\CWebApplication.php(141): CWebApplication->runController('post/admin')
#9 C:\xampp\htdocs\yiiblog\framework\base\CApplication.php(185): CWebApplication->processRequest()
#10 C:\xampp\htdocs\yiiblog\index.php(13): CApplication->run()
#11 {main}
REQUEST_URI=/yiiblog/index.php/post/admin
HTTP_REFERER=http://localhost/yiiblog/index.php/site/login
---
2025/02/19 16:51:47 [error] [exception.CHttpException.403] CHttpException: You are not authorized to perform this action. in C:\xampp\htdocs\yiiblog\framework\web\auth\CAccessControlFilter.php:183
Stack trace:
#0 C:\xampp\htdocs\yiiblog\framework\web\auth\CAccessControlFilter.php(145): CAccessControlFilter->accessDenied(Object(CWebUser), 'You are not aut...')
#1 C:\xampp\htdocs\yiiblog\framework\web\filters\CFilter.php(38): CAccessControlFilter->preFilter(Object(CFilterChain))
#2 C:\xampp\htdocs\yiiblog\framework\web\CController.php(1148): CFilter->filter(Object(CFilterChain))
#3 C:\xampp\htdocs\yiiblog\framework\web\filters\CInlineFilter.php(58): CController->filterAccessControl(Object(CFilterChain))
#4 C:\xampp\htdocs\yiiblog\framework\web\filters\CFilterChain.php(131): CInlineFilter->filter(Object(CFilterChain))
#5 C:\xampp\htdocs\yiiblog\framework\web\CController.php(291): CFilterChain->run()
#6 C:\xampp\htdocs\yiiblog\framework\web\CController.php(265): CController->runActionWithFilters(Object(CInlineAction), Array)
#7 C:\xampp\htdocs\yiiblog\framework\web\CWebApplication.php(282): CController->run('admin')
#8 C:\xampp\htdocs\yiiblog\framework\web\CWebApplication.php(141): CWebApplication->runController('post/admin')
#9 C:\xampp\htdocs\yiiblog\framework\base\CApplication.php(185): CWebApplication->processRequest()
#10 C:\xampp\htdocs\yiiblog\index.php(13): CApplication->run()
#11 {main}
REQUEST_URI=/yiiblog/index.php/post/admin
HTTP_REFERER=http://localhost/yiiblog/index.php/post/create
---
